{
  "stats": {
    "suites": 1,
    "tests": 3,
    "passes": 3,
    "pending": 0,
    "failures": 0,
    "start": "2022-10-23T20:07:41.627Z",
    "end": "2022-10-23T20:07:51.083Z",
    "duration": 9456,
    "testsRegistered": 3,
    "passPercent": 100,
    "pendingPercent": 0,
    "other": 0,
    "hasOther": false,
    "skipped": 0,
    "hasSkipped": false
  },
  "results": [
    {
      "uuid": "98923d2c-9713-4ee0-88a3-984fad3dd56b",
      "title": "",
      "fullFile": "cypress/e2e/Tests1.cy.js",
      "file": "cypress/e2e/Tests1.cy.js",
      "beforeHooks": [],
      "afterHooks": [],
      "tests": [],
      "suites": [
        {
          "uuid": "e33b3ddf-4d47-4a8c-8cad-6810b0abe5fc",
          "title": "empty spec",
          "fullFile": "",
          "file": "",
          "beforeHooks": [],
          "afterHooks": [],
          "tests": [
            {
              "title": "Add and verify Todo list",
              "fullTitle": "empty spec Add and verify Todo list",
              "timedOut": null,
              "duration": 3257,
              "state": "passed",
              "speed": "fast",
              "pass": true,
              "fail": false,
              "pending": false,
              "context": null,
              "code": "var Name = 'Haris';\ncy.visit('http://localhost:8080/todo');\nfor (var i = 1; i <= LISTSIZE; i++) {\n  cy.get('#newtodo', {\n    timeout: 6000\n  }).type(Name + i);\n  cy.get('[type=\"submit\"]').click();\n  cy.get('ul > :nth-child(' + i + ')').should('contain', Name + i);\n}",
              "err": {},
              "uuid": "b995e2c1-c365-4a91-85d7-9700decdd671",
              "parentUUID": "e33b3ddf-4d47-4a8c-8cad-6810b0abe5fc",
              "isHook": false,
              "skipped": false
            },
            {
              "title": "Modify todo and verify Todo list",
              "fullTitle": "empty spec Modify todo and verify Todo list",
              "timedOut": null,
              "duration": 3847,
              "state": "passed",
              "speed": "fast",
              "pass": true,
              "fail": false,
              "pending": false,
              "context": null,
              "code": "var ModifiedName = 'Ehsan';\nfor (var i = 0; i < LISTSIZE; i++) {\n  cy.get('[href=\"/todo/' + i + '\"]').click();\n  cy.get('#editTodo').type(ModifiedName + (i + 1));\n  cy.get('[type=\"submit\"]').click();\n  cy.get('ul > :nth-child(' + (i + 1) + ')').should('contain', ModifiedName + (i + 1));\n}",
              "err": {},
              "uuid": "6d11d202-95be-4360-848f-e1c476cec50e",
              "parentUUID": "e33b3ddf-4d47-4a8c-8cad-6810b0abe5fc",
              "isHook": false,
              "skipped": false
            },
            {
              "title": "Remove Todo",
              "fullTitle": "empty spec Remove Todo",
              "timedOut": null,
              "duration": 941,
              "state": "passed",
              "speed": "fast",
              "pass": true,
              "fail": false,
              "pending": false,
              "context": null,
              "code": "for (var i = LISTSIZE - 1; i >= 0; i--) cy.get('[href=\"/todo/delete/' + i + '\"]', {\n  timeout: 6000\n}).click();\ncy.get('ul > :nth-child(1)').should('not.exist');",
              "err": {},
              "uuid": "839f596d-cb58-4a7c-8ec3-de546fe0fe03",
              "parentUUID": "e33b3ddf-4d47-4a8c-8cad-6810b0abe5fc",
              "isHook": false,
              "skipped": false
            }
          ],
          "suites": [],
          "passes": [
            "b995e2c1-c365-4a91-85d7-9700decdd671",
            "6d11d202-95be-4360-848f-e1c476cec50e",
            "839f596d-cb58-4a7c-8ec3-de546fe0fe03"
          ],
          "failures": [],
          "pending": [],
          "skipped": [],
          "duration": 8045,
          "root": false,
          "rootEmpty": false,
          "_timeout": 2000
        }
      ],
      "passes": [],
      "failures": [],
      "pending": [],
      "skipped": [],
      "duration": 0,
      "root": true,
      "rootEmpty": true,
      "_timeout": 2000
    }
  ],
  "meta": {
    "mocha": {
      "version": "7.0.1"
    },
    "mochawesome": {
      "options": {
        "quiet": false,
        "reportFilename": "mochawesome",
        "saveHtml": true,
        "saveJson": true,
        "consoleReporter": "spec",
        "useInlineDiffs": false,
        "code": true
      },
      "version": "7.1.3"
    },
    "marge": {
      "options": null,
      "version": "6.2.0"
    }
  }
}